0 info it worked if it ends with ok
1 verbose cli [ '/Users/tejas/.nvm/versions/node/v5.9.0/bin/node',
1 verbose cli   '/Users/tejas/.nvm/versions/node/v5.9.0/bin/npm',
1 verbose cli   'install' ]
2 info using npm@3.7.3
3 info using node@v5.9.0
4 silly loadCurrentTree Starting
5 silly install loadCurrentTree
6 silly install readLocalPackageData
7 silly install normalizeTree
8 silly loadCurrentTree Finishing
9 silly loadIdealTree Starting
10 silly install loadIdealTree
11 silly cloneCurrentTree Starting
12 silly install cloneCurrentTreeToIdealTree
13 silly cloneCurrentTree Finishing
14 silly loadShrinkwrap Starting
15 silly install loadShrinkwrap
16 silly loadShrinkwrap Finishing
17 silly loadAllDepsIntoIdealTree Starting
18 silly install loadAllDepsIntoIdealTree
19 silly fetchNamedPackageData gulp
20 silly mapToRegistry name gulp
21 silly mapToRegistry using default registry
22 silly mapToRegistry registry https://registry.npmjs.org/
23 silly mapToRegistry uri https://registry.npmjs.org/gulp
24 silly fetchNamedPackageData gulp-sass
25 silly mapToRegistry name gulp-sass
26 silly mapToRegistry using default registry
27 silly mapToRegistry registry https://registry.npmjs.org/
28 silly mapToRegistry uri https://registry.npmjs.org/gulp-sass
29 silly fetchNamedPackageData gulp-concat
30 silly mapToRegistry name gulp-concat
31 silly mapToRegistry using default registry
32 silly mapToRegistry registry https://registry.npmjs.org/
33 silly mapToRegistry uri https://registry.npmjs.org/gulp-concat
34 silly fetchNamedPackageData gulp-minify-css
35 silly mapToRegistry name gulp-minify-css
36 silly mapToRegistry using default registry
37 silly mapToRegistry registry https://registry.npmjs.org/
38 silly mapToRegistry uri https://registry.npmjs.org/gulp-minify-css
39 silly fetchNamedPackageData gulp-rename
40 silly mapToRegistry name gulp-rename
41 silly mapToRegistry using default registry
42 silly mapToRegistry registry https://registry.npmjs.org/
43 silly mapToRegistry uri https://registry.npmjs.org/gulp-rename
44 silly fetchNamedPackageData kinvey-phonegap-angular-sdk
45 silly mapToRegistry name kinvey-phonegap-angular-sdk
46 silly mapToRegistry using default registry
47 silly mapToRegistry registry https://registry.npmjs.org/
48 silly mapToRegistry uri https://registry.npmjs.org/kinvey-phonegap-angular-sdk
49 verbose request uri https://registry.npmjs.org/kinvey-phonegap-angular-sdk
50 verbose request no auth needed
51 info attempt registry request try #1 at 4:02:34 PM
52 verbose request id 830b1fc7cb0881f6
53 http request GET https://registry.npmjs.org/kinvey-phonegap-angular-sdk
54 verbose request uri https://registry.npmjs.org/gulp-sass
55 verbose request no auth needed
56 info attempt registry request try #1 at 4:02:34 PM
57 verbose etag "4B9C59DQG5EXH7LYFWZFW5LP4"
58 http request GET https://registry.npmjs.org/gulp-sass
59 verbose request uri https://registry.npmjs.org/gulp-concat
60 verbose request no auth needed
61 info attempt registry request try #1 at 4:02:34 PM
62 verbose etag "BLZ7KFIHL1RXSM5IRJR9YHD6R"
63 http request GET https://registry.npmjs.org/gulp-concat
64 verbose request uri https://registry.npmjs.org/gulp
65 verbose request no auth needed
66 info attempt registry request try #1 at 4:02:34 PM
67 verbose etag "9PBNUOUEPM7C7MRLB9FX3DO73"
68 http request GET https://registry.npmjs.org/gulp
69 verbose request uri https://registry.npmjs.org/gulp-rename
70 verbose request no auth needed
71 info attempt registry request try #1 at 4:02:34 PM
72 verbose etag "1R9YAGLUYM8S6RC1WU3H3J2DC"
73 http request GET https://registry.npmjs.org/gulp-rename
74 verbose request uri https://registry.npmjs.org/gulp-minify-css
75 verbose request no auth needed
76 info attempt registry request try #1 at 4:02:34 PM
77 verbose etag "5TAGJ1G8U3H1RXWGPJCLNSGW6"
78 http request GET https://registry.npmjs.org/gulp-minify-css
79 http 304 https://registry.npmjs.org/gulp-rename
80 verbose headers { date: 'Thu, 21 Jul 2016 20:02:35 GMT',
80 verbose headers   via: '1.1 varnish',
80 verbose headers   'cache-control': 'max-age=300',
80 verbose headers   etag: '"1R9YAGLUYM8S6RC1WU3H3J2DC"',
80 verbose headers   age: '79',
80 verbose headers   connection: 'keep-alive',
80 verbose headers   'x-served-by': 'cache-bos8231-BOS',
80 verbose headers   'x-cache': 'HIT',
80 verbose headers   'x-cache-hits': '1',
80 verbose headers   'x-timer': 'S1469131355.566046,VS0,VE0',
80 verbose headers   vary: 'Accept-Encoding' }
81 silly get cb [ 304,
81 silly get   { date: 'Thu, 21 Jul 2016 20:02:35 GMT',
81 silly get     via: '1.1 varnish',
81 silly get     'cache-control': 'max-age=300',
81 silly get     etag: '"1R9YAGLUYM8S6RC1WU3H3J2DC"',
81 silly get     age: '79',
81 silly get     connection: 'keep-alive',
81 silly get     'x-served-by': 'cache-bos8231-BOS',
81 silly get     'x-cache': 'HIT',
81 silly get     'x-cache-hits': '1',
81 silly get     'x-timer': 'S1469131355.566046,VS0,VE0',
81 silly get     vary: 'Accept-Encoding' } ]
82 verbose etag https://registry.npmjs.org/gulp-rename from cache
83 verbose get saving gulp-rename to /Users/tejas/.npm/registry.npmjs.org/gulp-rename/.cache.json
84 verbose correctMkdir /Users/tejas/.npm correctMkdir not in flight; initializing
85 http 200 https://registry.npmjs.org/gulp-concat
86 verbose headers { server: 'CouchDB/1.5.0 (Erlang OTP/R16B03)',
86 verbose headers   etag: '"1Q9OOODHP1CSMUKVUXQIX7PWE"',
86 verbose headers   'content-type': 'application/json',
86 verbose headers   'content-encoding': 'gzip',
86 verbose headers   'cache-control': 'max-age=300',
86 verbose headers   'content-length': '7718',
86 verbose headers   'accept-ranges': 'bytes',
86 verbose headers   date: 'Thu, 21 Jul 2016 20:02:35 GMT',
86 verbose headers   via: '1.1 varnish',
86 verbose headers   age: '281',
86 verbose headers   connection: 'keep-alive',
86 verbose headers   'x-served-by': 'cache-bos8226-BOS',
86 verbose headers   'x-cache': 'HIT',
86 verbose headers   'x-cache-hits': '2',
86 verbose headers   'x-timer': 'S1469131355.559971,VS0,VE0',
86 verbose headers   vary: 'Accept-Encoding' }
87 silly get cb [ 200,
87 silly get   { server: 'CouchDB/1.5.0 (Erlang OTP/R16B03)',
87 silly get     etag: '"1Q9OOODHP1CSMUKVUXQIX7PWE"',
87 silly get     'content-type': 'application/json',
87 silly get     'content-encoding': 'gzip',
87 silly get     'cache-control': 'max-age=300',
87 silly get     'content-length': '7718',
87 silly get     'accept-ranges': 'bytes',
87 silly get     date: 'Thu, 21 Jul 2016 20:02:35 GMT',
87 silly get     via: '1.1 varnish',
87 silly get     age: '281',
87 silly get     connection: 'keep-alive',
87 silly get     'x-served-by': 'cache-bos8226-BOS',
87 silly get     'x-cache': 'HIT',
87 silly get     'x-cache-hits': '2',
87 silly get     'x-timer': 'S1469131355.559971,VS0,VE0',
87 silly get     vary: 'Accept-Encoding' } ]
88 verbose get saving gulp-concat to /Users/tejas/.npm/registry.npmjs.org/gulp-concat/.cache.json
89 verbose correctMkdir /Users/tejas/.npm correctMkdir not in flight; initializing
90 http 200 https://registry.npmjs.org/gulp-sass
91 verbose headers { server: 'CouchDB/1.5.0 (Erlang OTP/R16B03)',
91 verbose headers   etag: '"4974BICKZ11FHIJHT5ECNEWCH"',
91 verbose headers   'content-type': 'application/json',
91 verbose headers   'content-encoding': 'gzip',
91 verbose headers   'cache-control': 'max-age=300',
91 verbose headers   'content-length': '9709',
91 verbose headers   'accept-ranges': 'bytes',
91 verbose headers   date: 'Thu, 21 Jul 2016 20:02:35 GMT',
91 verbose headers   via: '1.1 varnish',
91 verbose headers   age: '186',
91 verbose headers   connection: 'keep-alive',
91 verbose headers   'x-served-by': 'cache-bos8230-BOS',
91 verbose headers   'x-cache': 'HIT',
91 verbose headers   'x-cache-hits': '1',
91 verbose headers   'x-timer': 'S1469131355.566023,VS0,VE0',
91 verbose headers   vary: 'Accept-Encoding' }
92 silly get cb [ 200,
92 silly get   { server: 'CouchDB/1.5.0 (Erlang OTP/R16B03)',
92 silly get     etag: '"4974BICKZ11FHIJHT5ECNEWCH"',
92 silly get     'content-type': 'application/json',
92 silly get     'content-encoding': 'gzip',
92 silly get     'cache-control': 'max-age=300',
92 silly get     'content-length': '9709',
92 silly get     'accept-ranges': 'bytes',
92 silly get     date: 'Thu, 21 Jul 2016 20:02:35 GMT',
92 silly get     via: '1.1 varnish',
92 silly get     age: '186',
92 silly get     connection: 'keep-alive',
92 silly get     'x-served-by': 'cache-bos8230-BOS',
92 silly get     'x-cache': 'HIT',
92 silly get     'x-cache-hits': '1',
92 silly get     'x-timer': 'S1469131355.566023,VS0,VE0',
92 silly get     vary: 'Accept-Encoding' } ]
93 verbose get saving gulp-sass to /Users/tejas/.npm/registry.npmjs.org/gulp-sass/.cache.json
94 verbose correctMkdir /Users/tejas/.npm correctMkdir not in flight; initializing
95 silly resolveWithNewModule gulp-rename@1.2.2 checking installable status
96 silly cache add args [ 'gulp-rename@^1.2.0', null ]
97 verbose cache add spec gulp-rename@^1.2.0
98 silly cache add parsed spec Result {
98 silly cache add   raw: 'gulp-rename@^1.2.0',
98 silly cache add   scope: null,
98 silly cache add   name: 'gulp-rename',
98 silly cache add   rawSpec: '^1.2.0',
98 silly cache add   spec: '>=1.2.0 <2.0.0',
98 silly cache add   type: 'range' }
99 silly addNamed gulp-rename@>=1.2.0 <2.0.0
100 verbose addNamed ">=1.2.0 <2.0.0" is a valid semver range for gulp-rename
101 silly addNameRange { name: 'gulp-rename', range: '>=1.2.0 <2.0.0', hasData: false }
102 silly mapToRegistry name gulp-rename
103 silly mapToRegistry using default registry
104 silly mapToRegistry registry https://registry.npmjs.org/
105 silly mapToRegistry uri https://registry.npmjs.org/gulp-rename
106 verbose addNameRange registry:https://registry.npmjs.org/gulp-rename not in flight; fetching
107 silly resolveWithNewModule gulp-sass@0.7.3 checking installable status
108 silly cache add args [ 'gulp-sass@^0.7.1', null ]
109 verbose cache add spec gulp-sass@^0.7.1
110 silly cache add parsed spec Result {
110 silly cache add   raw: 'gulp-sass@^0.7.1',
110 silly cache add   scope: null,
110 silly cache add   name: 'gulp-sass',
110 silly cache add   rawSpec: '^0.7.1',
110 silly cache add   spec: '>=0.7.1 <0.8.0',
110 silly cache add   type: 'range' }
111 silly addNamed gulp-sass@>=0.7.1 <0.8.0
112 verbose addNamed ">=0.7.1 <0.8.0" is a valid semver range for gulp-sass
113 silly addNameRange { name: 'gulp-sass', range: '>=0.7.1 <0.8.0', hasData: false }
114 silly mapToRegistry name gulp-sass
115 silly mapToRegistry using default registry
116 silly mapToRegistry registry https://registry.npmjs.org/
117 silly mapToRegistry uri https://registry.npmjs.org/gulp-sass
118 verbose addNameRange registry:https://registry.npmjs.org/gulp-sass not in flight; fetching
119 silly resolveWithNewModule gulp-concat@2.6.0 checking installable status
120 silly cache add args [ 'gulp-concat@^2.2.0', null ]
121 verbose cache add spec gulp-concat@^2.2.0
122 silly cache add parsed spec Result {
122 silly cache add   raw: 'gulp-concat@^2.2.0',
122 silly cache add   scope: null,
122 silly cache add   name: 'gulp-concat',
122 silly cache add   rawSpec: '^2.2.0',
122 silly cache add   spec: '>=2.2.0 <3.0.0',
122 silly cache add   type: 'range' }
123 silly addNamed gulp-concat@>=2.2.0 <3.0.0
124 verbose addNamed ">=2.2.0 <3.0.0" is a valid semver range for gulp-concat
125 silly addNameRange { name: 'gulp-concat', range: '>=2.2.0 <3.0.0', hasData: false }
126 silly mapToRegistry name gulp-concat
127 silly mapToRegistry using default registry
128 silly mapToRegistry registry https://registry.npmjs.org/
129 silly mapToRegistry uri https://registry.npmjs.org/gulp-concat
130 verbose addNameRange registry:https://registry.npmjs.org/gulp-concat not in flight; fetching
131 verbose get https://registry.npmjs.org/gulp-rename not expired, no request
132 silly addNameRange number 2 { name: 'gulp-rename', range: '>=1.2.0 <2.0.0', hasData: true }
133 silly addNameRange versions [ 'gulp-rename',
133 silly addNameRange   [ '0.1.0', '0.2.1', '0.2.2', '1.0.0', '1.1.0', '1.2.0', '1.2.2' ] ]
134 silly addNamed gulp-rename@1.2.2
135 verbose addNamed "1.2.2" is a plain semver version for gulp-rename
136 verbose get https://registry.npmjs.org/gulp-sass not expired, no request
137 silly addNameRange number 2 { name: 'gulp-sass', range: '>=0.7.1 <0.8.0', hasData: true }
138 silly addNameRange versions [ 'gulp-sass',
138 silly addNameRange   [ '0.1.0',
138 silly addNameRange     '0.2.1',
138 silly addNameRange     '0.2.2',
138 silly addNameRange     '0.2.3',
138 silly addNameRange     '0.3.0',
138 silly addNameRange     '0.4.0',
138 silly addNameRange     '0.4.1',
138 silly addNameRange     '0.5.0',
138 silly addNameRange     '0.5.1',
138 silly addNameRange     '0.5.2',
138 silly addNameRange     '0.6.0',
138 silly addNameRange     '0.7.0',
138 silly addNameRange     '0.7.1',
138 silly addNameRange     '0.7.2',
138 silly addNameRange     '0.7.3',
138 silly addNameRange     '1.0.0',
138 silly addNameRange     '1.1.0',
138 silly addNameRange     '1.2.0',
138 silly addNameRange     '1.2.1',
138 silly addNameRange     '1.2.2',
138 silly addNameRange     '1.2.3',
138 silly addNameRange     '1.2.4',
138 silly addNameRange     '1.3.0',
138 silly addNameRange     '1.3.1',
138 silly addNameRange     '1.3.2',
138 silly addNameRange     '1.3.3',
138 silly addNameRange     '2.0.0-alpha.1',
138 silly addNameRange     '2.0.0',
138 silly addNameRange     '2.0.2',
138 silly addNameRange     '2.0.3',
138 silly addNameRange     '2.0.4',
138 silly addNameRange     '2.1.0-beta',
138 silly addNameRange     '2.1.0',
138 silly addNameRange     '2.1.1',
138 silly addNameRange     '2.2.0',
138 silly addNameRange     '2.3.0-beta.1',
138 silly addNameRange     '2.3.0',
138 silly addNameRange     '2.3.1',
138 silly addNameRange     '2.3.2' ] ]
139 silly addNamed gulp-sass@0.7.3
140 verbose addNamed "0.7.3" is a plain semver version for gulp-sass
141 verbose get https://registry.npmjs.org/gulp-concat not expired, no request
142 silly addNameRange number 2 { name: 'gulp-concat', range: '>=2.2.0 <3.0.0', hasData: true }
143 silly addNameRange versions [ 'gulp-concat',
143 silly addNameRange   [ '0.0.1',
143 silly addNameRange     '1.0.0',
143 silly addNameRange     '1.1.0',
143 silly addNameRange     '2.0.0',
143 silly addNameRange     '2.1.0',
143 silly addNameRange     '2.1.1',
143 silly addNameRange     '2.1.2',
143 silly addNameRange     '2.1.3',
143 silly addNameRange     '2.1.4',
143 silly addNameRange     '2.1.5',
143 silly addNameRange     '2.1.6',
143 silly addNameRange     '2.1.7',
143 silly addNameRange     '2.2.0',
143 silly addNameRange     '2.3.0',
143 silly addNameRange     '2.3.3',
143 silly addNameRange     '2.3.4',
143 silly addNameRange     '2.3.5',
143 silly addNameRange     '2.4.0',
143 silly addNameRange     '2.4.1',
143 silly addNameRange     '2.4.2',
143 silly addNameRange     '2.4.3',
143 silly addNameRange     '2.5.0',
143 silly addNameRange     '2.5.1',
143 silly addNameRange     '2.5.2',
143 silly addNameRange     '2.6.0' ] ]
144 silly addNamed gulp-concat@2.6.0
145 verbose addNamed "2.6.0" is a plain semver version for gulp-concat
146 silly mapToRegistry name gulp-sass
147 silly mapToRegistry using default registry
148 silly mapToRegistry registry https://registry.npmjs.org/
149 silly mapToRegistry uri https://registry.npmjs.org/gulp-sass
150 verbose addRemoteTarball https://registry.npmjs.org/gulp-sass/-/gulp-sass-0.7.3.tgz not in flight; adding
151 verbose addRemoteTarball [ 'https://registry.npmjs.org/gulp-sass/-/gulp-sass-0.7.3.tgz',
151 verbose addRemoteTarball   '4bfbb4e4d95a40be8beeebe07e8e477e7f7a2edc' ]
152 silly cache afterAdd gulp-rename@1.2.2
153 verbose afterAdd /Users/tejas/.npm/gulp-rename/1.2.2/package/package.json not in flight; writing
154 verbose correctMkdir /Users/tejas/.npm correctMkdir not in flight; initializing
155 silly cache afterAdd gulp-concat@2.6.0
156 verbose afterAdd /Users/tejas/.npm/gulp-concat/2.6.0/package/package.json not in flight; writing
157 verbose correctMkdir /Users/tejas/.npm correctMkdir not in flight; initializing
158 info retry fetch attempt 1 at 4:02:34 PM
159 info attempt registry request try #1 at 4:02:34 PM
160 http fetch GET https://registry.npmjs.org/gulp-sass/-/gulp-sass-0.7.3.tgz
161 verbose afterAdd /Users/tejas/.npm/gulp-rename/1.2.2/package/package.json written
162 verbose afterAdd /Users/tejas/.npm/gulp-concat/2.6.0/package/package.json written
163 http 200 https://registry.npmjs.org/gulp-minify-css
164 verbose headers { server: 'CouchDB/1.5.0 (Erlang OTP/R16B03)',
164 verbose headers   etag: '"BTYHQXZ0ILO0T9FWSP493YUVO"',
164 verbose headers   'content-type': 'application/json',
164 verbose headers   'content-encoding': 'gzip',
164 verbose headers   'cache-control': 'max-age=300',
164 verbose headers   'content-length': '9058',
164 verbose headers   'accept-ranges': 'bytes',
164 verbose headers   date: 'Thu, 21 Jul 2016 20:02:35 GMT',
164 verbose headers   via: '1.1 varnish',
164 verbose headers   age: '0',
164 verbose headers   connection: 'keep-alive',
164 verbose headers   'x-served-by': 'cache-bos8224-BOS',
164 verbose headers   'x-cache': 'HIT',
164 verbose headers   'x-cache-hits': '1',
164 verbose headers   'x-timer': 'S1469131355.533581,VS0,VE152',
164 verbose headers   vary: 'Accept-Encoding' }
165 silly get cb [ 200,
165 silly get   { server: 'CouchDB/1.5.0 (Erlang OTP/R16B03)',
165 silly get     etag: '"BTYHQXZ0ILO0T9FWSP493YUVO"',
165 silly get     'content-type': 'application/json',
165 silly get     'content-encoding': 'gzip',
165 silly get     'cache-control': 'max-age=300',
165 silly get     'content-length': '9058',
165 silly get     'accept-ranges': 'bytes',
165 silly get     date: 'Thu, 21 Jul 2016 20:02:35 GMT',
165 silly get     via: '1.1 varnish',
165 silly get     age: '0',
165 silly get     connection: 'keep-alive',
165 silly get     'x-served-by': 'cache-bos8224-BOS',
165 silly get     'x-cache': 'HIT',
165 silly get     'x-cache-hits': '1',
165 silly get     'x-timer': 'S1469131355.533581,VS0,VE152',
165 silly get     vary: 'Accept-Encoding' } ]
166 verbose get saving gulp-minify-css to /Users/tejas/.npm/registry.npmjs.org/gulp-minify-css/.cache.json
167 verbose correctMkdir /Users/tejas/.npm correctMkdir not in flight; initializing
168 silly resolveWithNewModule gulp-minify-css@0.3.13 checking installable status
169 silly cache add args [ 'gulp-minify-css@^0.3.0', null ]
170 verbose cache add spec gulp-minify-css@^0.3.0
171 silly cache add parsed spec Result {
171 silly cache add   raw: 'gulp-minify-css@^0.3.0',
171 silly cache add   scope: null,
171 silly cache add   name: 'gulp-minify-css',
171 silly cache add   rawSpec: '^0.3.0',
171 silly cache add   spec: '>=0.3.0 <0.4.0',
171 silly cache add   type: 'range' }
172 silly addNamed gulp-minify-css@>=0.3.0 <0.4.0
173 verbose addNamed ">=0.3.0 <0.4.0" is a valid semver range for gulp-minify-css
174 silly addNameRange { name: 'gulp-minify-css',
174 silly addNameRange   range: '>=0.3.0 <0.4.0',
174 silly addNameRange   hasData: false }
175 silly mapToRegistry name gulp-minify-css
176 silly mapToRegistry using default registry
177 silly mapToRegistry registry https://registry.npmjs.org/
178 silly mapToRegistry uri https://registry.npmjs.org/gulp-minify-css
179 verbose addNameRange registry:https://registry.npmjs.org/gulp-minify-css not in flight; fetching
180 verbose get https://registry.npmjs.org/gulp-minify-css not expired, no request
181 silly addNameRange number 2 { name: 'gulp-minify-css',
181 silly addNameRange   range: '>=0.3.0 <0.4.0',
181 silly addNameRange   hasData: true }
182 silly addNameRange versions [ 'gulp-minify-css',
182 silly addNameRange   [ '0.0.1',
182 silly addNameRange     '0.1.0',
182 silly addNameRange     '0.2.0',
182 silly addNameRange     '0.3.0',
182 silly addNameRange     '0.3.1',
182 silly addNameRange     '0.3.2',
182 silly addNameRange     '0.3.3',
182 silly addNameRange     '0.3.4',
182 silly addNameRange     '0.3.5',
182 silly addNameRange     '0.3.6',
182 silly addNameRange     '0.3.7',
182 silly addNameRange     '0.3.8',
182 silly addNameRange     '0.3.9',
182 silly addNameRange     '0.3.10',
182 silly addNameRange     '0.3.11',
182 silly addNameRange     '0.3.12',
182 silly addNameRange     '0.3.13',
182 silly addNameRange     '0.4.0',
182 silly addNameRange     '0.4.1',
182 silly addNameRange     '0.4.2',
182 silly addNameRange     '0.4.3',
182 silly addNameRange     '0.4.4',
182 silly addNameRange     '0.4.5',
182 silly addNameRange     '0.4.6',
182 silly addNameRange     '0.5.0',
182 silly addNameRange     '0.5.1',
182 silly addNameRange     '1.0.0',
182 silly addNameRange     '1.1.0',
182 silly addNameRange     '1.1.1',
182 silly addNameRange     '1.1.2',
182 silly addNameRange     '1.1.2-1',
182 silly addNameRange     '1.1.3',
182 silly addNameRange     '1.1.4',
182 silly addNameRange     '1.1.5',
182 silly addNameRange     '1.1.6',
182 silly addNameRange     '1.2.0',
182 silly addNameRange     '1.2.1',
182 silly addNameRange     '1.2.2',
182 silly addNameRange     '1.2.3',
182 silly addNameRange     '1.2.4' ] ]
183 silly addNamed gulp-minify-css@0.3.13
184 verbose addNamed "0.3.13" is a plain semver version for gulp-minify-css
185 warn deprecated gulp-minify-css@0.3.13: Please use gulp-clean-css
186 silly cache afterAdd gulp-minify-css@0.3.13
187 verbose afterAdd /Users/tejas/.npm/gulp-minify-css/0.3.13/package/package.json not in flight; writing
188 verbose correctMkdir /Users/tejas/.npm correctMkdir not in flight; initializing
189 verbose afterAdd /Users/tejas/.npm/gulp-minify-css/0.3.13/package/package.json written
190 http fetch 200 https://registry.npmjs.org/gulp-sass/-/gulp-sass-0.7.3.tgz
191 silly fetchAndShaCheck shasum 4bfbb4e4d95a40be8beeebe07e8e477e7f7a2edc
192 verbose addTmpTarball /var/folders/xf/74xzfbv17ds96cyk3v10f3t40000gn/T/npm-18519-6baece75/registry.npmjs.org/gulp-sass/-/gulp-sass-0.7.3.tgz not in flight; adding
193 verbose addTmpTarball already have metadata; skipping unpack for gulp-sass@0.7.3
194 verbose correctMkdir /Users/tejas/.npm correctMkdir not in flight; initializing
195 silly cache afterAdd gulp-sass@0.7.3
196 verbose afterAdd /Users/tejas/.npm/gulp-sass/0.7.3/package/package.json not in flight; writing
197 verbose correctMkdir /Users/tejas/.npm correctMkdir not in flight; initializing
198 verbose afterAdd /Users/tejas/.npm/gulp-sass/0.7.3/package/package.json written
199 http 200 https://registry.npmjs.org/kinvey-phonegap-angular-sdk
200 verbose headers { server: 'CouchDB/1.5.0 (Erlang OTP/R16B03)',
200 verbose headers   etag: '"6Q672M6ESTVIE75JGJJJSG9E4"',
200 verbose headers   'content-type': 'application/json',
200 verbose headers   'content-encoding': 'gzip',
200 verbose headers   'cache-control': 'max-age=300',
200 verbose headers   'content-length': '956',
200 verbose headers   'accept-ranges': 'bytes',
200 verbose headers   date: 'Thu, 21 Jul 2016 20:02:35 GMT',
200 verbose headers   via: '1.1 varnish',
200 verbose headers   age: '0',
200 verbose headers   connection: 'keep-alive',
200 verbose headers   'x-served-by': 'cache-bos8225-BOS',
200 verbose headers   'x-cache': 'MISS',
200 verbose headers   'x-cache-hits': '0',
200 verbose headers   'x-timer': 'S1469131355.533539,VS0,VE429',
200 verbose headers   vary: 'Accept-Encoding' }
201 silly get cb [ 200,
201 silly get   { server: 'CouchDB/1.5.0 (Erlang OTP/R16B03)',
201 silly get     etag: '"6Q672M6ESTVIE75JGJJJSG9E4"',
201 silly get     'content-type': 'application/json',
201 silly get     'content-encoding': 'gzip',
201 silly get     'cache-control': 'max-age=300',
201 silly get     'content-length': '956',
201 silly get     'accept-ranges': 'bytes',
201 silly get     date: 'Thu, 21 Jul 2016 20:02:35 GMT',
201 silly get     via: '1.1 varnish',
201 silly get     age: '0',
201 silly get     connection: 'keep-alive',
201 silly get     'x-served-by': 'cache-bos8225-BOS',
201 silly get     'x-cache': 'MISS',
201 silly get     'x-cache-hits': '0',
201 silly get     'x-timer': 'S1469131355.533539,VS0,VE429',
201 silly get     vary: 'Accept-Encoding' } ]
202 verbose get saving kinvey-phonegap-angular-sdk to /Users/tejas/.npm/registry.npmjs.org/kinvey-phonegap-angular-sdk/.cache.json
203 verbose correctMkdir /Users/tejas/.npm correctMkdir not in flight; initializing
204 silly fetchPackageMetaData Error: No compatible version found: kinvey-phonegap-angular-sdk@3.0.0-beta.14
204 silly fetchPackageMetaData Valid install targets:
204 silly fetchPackageMetaData 0.0.1-security
204 silly fetchPackageMetaData
204 silly fetchPackageMetaData     at pickVersionFromRegistryDocument (/Users/tejas/.nvm/versions/node/v5.9.0/lib/node_modules/npm/lib/fetch-package-metadata.js:156:16)
204 silly fetchPackageMetaData     at /Users/tejas/.nvm/versions/node/v5.9.0/lib/node_modules/npm/node_modules/iferr/index.js:13:50
204 silly fetchPackageMetaData     at /Users/tejas/.nvm/versions/node/v5.9.0/lib/node_modules/npm/lib/utils/pulse-till-done.js:19:8
204 silly fetchPackageMetaData     at saved (/Users/tejas/.nvm/versions/node/v5.9.0/lib/node_modules/npm/lib/cache/caching-client.js:168:7)
204 silly fetchPackageMetaData     at /Users/tejas/.nvm/versions/node/v5.9.0/lib/node_modules/npm/node_modules/graceful-fs/polyfills.js:210:7
204 silly fetchPackageMetaData     at FSReqWrap.oncomplete (fs.js:82:15)
204 silly fetchPackageMetaData  error for kinvey-phonegap-angular-sdk@3.0.0-beta.14 [Error: No compatible version found: kinvey-phonegap-angular-sdk@3.0.0-beta.14
204 silly fetchPackageMetaData Valid install targets:
204 silly fetchPackageMetaData 0.0.1-security
204 silly fetchPackageMetaData ]
205 http 200 https://registry.npmjs.org/gulp
206 verbose headers { server: 'CouchDB/1.6.1 (Erlang OTP/R16B03)',
206 verbose headers   etag: '"4SE25LEKGJBZ8Q6EFR14Y2H9F"',
206 verbose headers   'content-type': 'application/json',
206 verbose headers   'content-encoding': 'gzip',
206 verbose headers   'cache-control': 'max-age=300',
206 verbose headers   'content-length': '18587',
206 verbose headers   'accept-ranges': 'bytes',
206 verbose headers   date: 'Thu, 21 Jul 2016 20:02:35 GMT',
206 verbose headers   via: '1.1 varnish',
206 verbose headers   age: '0',
206 verbose headers   connection: 'keep-alive',
206 verbose headers   'x-served-by': 'cache-bos8221-BOS',
206 verbose headers   'x-cache': 'HIT',
206 verbose headers   'x-cache-hits': '1',
206 verbose headers   'x-timer': 'S1469131355.533977,VS0,VE442',
206 verbose headers   vary: 'Accept-Encoding' }
207 silly get cb [ 200,
207 silly get   { server: 'CouchDB/1.6.1 (Erlang OTP/R16B03)',
207 silly get     etag: '"4SE25LEKGJBZ8Q6EFR14Y2H9F"',
207 silly get     'content-type': 'application/json',
207 silly get     'content-encoding': 'gzip',
207 silly get     'cache-control': 'max-age=300',
207 silly get     'content-length': '18587',
207 silly get     'accept-ranges': 'bytes',
207 silly get     date: 'Thu, 21 Jul 2016 20:02:35 GMT',
207 silly get     via: '1.1 varnish',
207 silly get     age: '0',
207 silly get     connection: 'keep-alive',
207 silly get     'x-served-by': 'cache-bos8221-BOS',
207 silly get     'x-cache': 'HIT',
207 silly get     'x-cache-hits': '1',
207 silly get     'x-timer': 'S1469131355.533977,VS0,VE442',
207 silly get     vary: 'Accept-Encoding' } ]
208 verbose get saving gulp to /Users/tejas/.npm/registry.npmjs.org/gulp/.cache.json
209 verbose correctMkdir /Users/tejas/.npm correctMkdir not in flight; initializing
210 silly resolveWithNewModule gulp@3.9.1 checking installable status
211 silly cache add args [ 'gulp@^3.5.6', null ]
212 verbose cache add spec gulp@^3.5.6
213 silly cache add parsed spec Result {
213 silly cache add   raw: 'gulp@^3.5.6',
213 silly cache add   scope: null,
213 silly cache add   name: 'gulp',
213 silly cache add   rawSpec: '^3.5.6',
213 silly cache add   spec: '>=3.5.6 <4.0.0',
213 silly cache add   type: 'range' }
214 silly addNamed gulp@>=3.5.6 <4.0.0
215 verbose addNamed ">=3.5.6 <4.0.0" is a valid semver range for gulp
216 silly addNameRange { name: 'gulp', range: '>=3.5.6 <4.0.0', hasData: false }
217 silly mapToRegistry name gulp
218 silly mapToRegistry using default registry
219 silly mapToRegistry registry https://registry.npmjs.org/
220 silly mapToRegistry uri https://registry.npmjs.org/gulp
221 verbose addNameRange registry:https://registry.npmjs.org/gulp not in flight; fetching
222 verbose get https://registry.npmjs.org/gulp not expired, no request
223 silly addNameRange number 2 { name: 'gulp', range: '>=3.5.6 <4.0.0', hasData: true }
224 silly addNameRange versions [ 'gulp',
224 silly addNameRange   [ '0.0.1',
224 silly addNameRange     '0.0.2',
224 silly addNameRange     '0.0.3',
224 silly addNameRange     '0.0.4',
224 silly addNameRange     '0.0.5',
224 silly addNameRange     '0.0.7',
224 silly addNameRange     '0.0.8',
224 silly addNameRange     '0.0.9',
224 silly addNameRange     '0.1.0',
224 silly addNameRange     '0.2.0',
224 silly addNameRange     '1.0.0',
224 silly addNameRange     '1.1.0',
224 silly addNameRange     '1.2.0',
224 silly addNameRange     '1.2.1',
224 silly addNameRange     '2.0.0',
224 silly addNameRange     '2.0.1',
224 silly addNameRange     '2.1.0',
224 silly addNameRange     '2.2.0',
224 silly addNameRange     '2.3.0',
224 silly addNameRange     '2.4.0',
224 silly addNameRange     '2.4.1',
224 silly addNameRange     '2.6.0',
224 silly addNameRange     '2.6.1',
224 silly addNameRange     '2.7.0',
224 silly addNameRange     '3.0.0',
224 silly addNameRange     '3.1.1',
224 silly addNameRange     '3.1.2',
224 silly addNameRange     '3.1.3',
224 silly addNameRange     '3.1.4',
224 silly addNameRange     '3.2.0',
224 silly addNameRange     '3.2.1',
224 silly addNameRange     '3.2.2',
224 silly addNameRange     '3.2.3',
224 silly addNameRange     '3.2.4',
224 silly addNameRange     '3.2.5',
224 silly addNameRange     '3.3.0',
224 silly addNameRange     '3.3.1',
224 silly addNameRange     '3.3.2',
224 silly addNameRange     '3.3.4',
224 silly addNameRange     '3.4.0',
224 silly addNameRange     '3.5.0',
224 silly addNameRange     '3.5.1',
224 silly addNameRange     '3.5.2',
224 silly addNameRange     '3.5.5',
224 silly addNameRange     '3.5.6',
224 silly addNameRange     '3.6.0',
224 silly addNameRange     '3.6.1',
224 silly addNameRange     '3.6.2',
224 silly addNameRange     '3.7.0',
224 silly addNameRange     '3.8.0',
224 silly addNameRange     '3.8.1',
224 silly addNameRange     '3.8.2',
224 silly addNameRange     '3.8.3',
224 silly addNameRange     '3.8.4',
224 silly addNameRange     '3.8.5',
224 silly addNameRange     '3.8.6',
224 silly addNameRange     '3.8.7',
224 silly addNameRange     '3.8.8',
224 silly addNameRange     '3.8.9',
224 silly addNameRange     '3.8.10',
224 silly addNameRange     '3.8.11',
224 silly addNameRange     '3.9.0',
224 silly addNameRange     '3.9.1' ] ]
225 silly addNamed gulp@3.9.1
226 verbose addNamed "3.9.1" is a plain semver version for gulp
227 silly cache afterAdd gulp@3.9.1
228 verbose afterAdd /Users/tejas/.npm/gulp/3.9.1/package/package.json not in flight; writing
229 verbose correctMkdir /Users/tejas/.npm correctMkdir not in flight; initializing
230 verbose afterAdd /Users/tejas/.npm/gulp/3.9.1/package/package.json written
231 silly rollbackFailedOptional Starting
232 silly rollbackFailedOptional Finishing
233 silly runTopLevelLifecycles Starting
234 silly runTopLevelLifecycles Finishing
235 silly install printInstalled
236 verbose stack Error: No compatible version found: kinvey-phonegap-angular-sdk@3.0.0-beta.14
236 verbose stack Valid install targets:
236 verbose stack 0.0.1-security
236 verbose stack
236 verbose stack     at pickVersionFromRegistryDocument (/Users/tejas/.nvm/versions/node/v5.9.0/lib/node_modules/npm/lib/fetch-package-metadata.js:156:16)
236 verbose stack     at /Users/tejas/.nvm/versions/node/v5.9.0/lib/node_modules/npm/node_modules/iferr/index.js:13:50
236 verbose stack     at /Users/tejas/.nvm/versions/node/v5.9.0/lib/node_modules/npm/lib/utils/pulse-till-done.js:19:8
236 verbose stack     at saved (/Users/tejas/.nvm/versions/node/v5.9.0/lib/node_modules/npm/lib/cache/caching-client.js:168:7)
236 verbose stack     at /Users/tejas/.nvm/versions/node/v5.9.0/lib/node_modules/npm/node_modules/graceful-fs/polyfills.js:210:7
236 verbose stack     at FSReqWrap.oncomplete (fs.js:82:15)
237 verbose cwd /Users/tejas/codebase/sandbox/js/demo/tp
238 error Darwin 15.5.0
239 error argv "/Users/tejas/.nvm/versions/node/v5.9.0/bin/node" "/Users/tejas/.nvm/versions/node/v5.9.0/bin/npm" "install"
240 error node v5.9.0
241 error npm  v3.7.3
242 error No compatible version found: kinvey-phonegap-angular-sdk@3.0.0-beta.14
242 error Valid install targets:
242 error 0.0.1-security
243 error If you need help, you may report this error at:
243 error     <https://github.com/npm/npm/issues>
244 verbose exit [ 1, true ]
